2017-11-14 15:27:14.690 [Thread-17] INFO  com.ray.dingtalk.isv.auth.thread.TokenRunnable - 定时获取accessToken和jsapiTicket------------------------
2017-11-14 15:27:14.694 [Thread-17] INFO  com.ray.dingtalk.isv.auth.AuthHelper - accessTokenValue:{"access_token":"f07698378f9a39939b39c0ff8197b6e8","begin_time":1510644411769}
2017-11-14 15:27:15.646 [Thread-17] INFO  com.ray.dingtalk.isv.util.HttpHelper - POST请求结果：{"errcode":0,"access_token":"ae8487abd29e32df83ddab28dfeb66cf","errmsg":"ok","expires_in":7200}
2017-11-14 15:27:15.647 [Thread-17] INFO  com.ray.dingtalk.isv.service.IsvService - {"errcode":0,"access_token":"ae8487abd29e32df83ddab28dfeb66cf","errmsg":"ok","expires_in":7200}
2017-11-14 15:27:15.647 [Thread-17] INFO  com.ray.dingtalk.isv.auth.AuthHelper - accessToken:ae8487abd29e32df83ddab28dfeb66cf
2017-11-14 15:27:15.648 [Thread-17] INFO  com.ray.dingtalk.isv.util.FileUtils - path:G:\WorkSpace\Me\WeiXin_GZ_dev\dingtalk_isv\src\main\webapp\Permanent_Data\accesstoken.txt abs path:G:\WorkSpace\Me\WeiXin_GZ_dev\dingtalk_isv\src\main\webapp\Permanent_Data\accesstoken.txt
2017-11-14 15:27:16.567 [Thread-17] INFO  com.ray.dingtalk.isv.util.HttpHelper - GET请求结果：{"errcode":0,"errmsg":"ok","ticket":"WH59Kt3UxqdUGUXdxnCI4LdzlNS46n9Jkf13utcwtXebcACp61FOWoXYspQ5nTcXrglJHk6jmOdSoaJ2xQsBPE","expires_in":7200}
2017-11-14 15:27:16.568 [Thread-17] INFO  com.ray.dingtalk.isv.auth.AuthHelper - jsTicket:WH59Kt3UxqdUGUXdxnCI4LdzlNS46n9Jkf13utcwtXebcACp61FOWoXYspQ5nTcXrglJHk6jmOdSoaJ2xQsBPE
2017-11-14 15:27:16.569 [Thread-17] INFO  com.ray.dingtalk.isv.util.FileUtils - path:G:\WorkSpace\Me\WeiXin_GZ_dev\dingtalk_isv\src\main\webapp\Permanent_Data\jsticket.txt abs path:G:\WorkSpace\Me\WeiXin_GZ_dev\dingtalk_isv\src\main\webapp\Permanent_Data\jsticket.txt
2017-11-14 15:27:36.574 [Thread-17] INFO  com.ray.dingtalk.isv.auth.thread.TokenRunnable - 定时获取accessToken和jsapiTicket------------------------
2017-11-14 15:27:36.575 [Thread-17] INFO  com.ray.dingtalk.isv.auth.AuthHelper - accessTokenValue:{"access_token":"ae8487abd29e32df83ddab28dfeb66cf","begin_time":1510644434694}
2017-11-14 15:27:37.711 [Thread-17] INFO  com.ray.dingtalk.isv.util.HttpHelper - POST请求结果：{"errcode":0,"access_token":"c2b9d51772a13745b662e10768d54bde","errmsg":"ok","expires_in":7200}
2017-11-14 15:27:37.711 [Thread-17] INFO  com.ray.dingtalk.isv.service.IsvService - {"errcode":0,"access_token":"c2b9d51772a13745b662e10768d54bde","errmsg":"ok","expires_in":7200}
2017-11-14 15:27:37.711 [Thread-17] INFO  com.ray.dingtalk.isv.auth.AuthHelper - accessToken:c2b9d51772a13745b662e10768d54bde
2017-11-14 15:27:37.712 [Thread-17] INFO  com.ray.dingtalk.isv.util.FileUtils - path:G:\WorkSpace\Me\WeiXin_GZ_dev\dingtalk_isv\src\main\webapp\Permanent_Data\accesstoken.txt abs path:G:\WorkSpace\Me\WeiXin_GZ_dev\dingtalk_isv\src\main\webapp\Permanent_Data\accesstoken.txt
2017-11-14 15:27:38.650 [Thread-17] INFO  com.ray.dingtalk.isv.util.HttpHelper - GET请求结果：{"errcode":0,"errmsg":"ok","ticket":"WH59Kt3UxqdUGUXdxnCI4LdzlNS46n9Jkf13utcwtXebcACp61FOWoXYspQ5nTcXrglJHk6jmOdSoaJ2xQsBPE","expires_in":7200}
2017-11-14 15:27:38.651 [Thread-17] INFO  com.ray.dingtalk.isv.auth.AuthHelper - jsTicket:WH59Kt3UxqdUGUXdxnCI4LdzlNS46n9Jkf13utcwtXebcACp61FOWoXYspQ5nTcXrglJHk6jmOdSoaJ2xQsBPE
2017-11-14 15:27:38.652 [Thread-17] INFO  com.ray.dingtalk.isv.util.FileUtils - path:G:\WorkSpace\Me\WeiXin_GZ_dev\dingtalk_isv\src\main\webapp\Permanent_Data\jsticket.txt abs path:G:\WorkSpace\Me\WeiXin_GZ_dev\dingtalk_isv\src\main\webapp\Permanent_Data\jsticket.txt
2017-11-14 15:27:58.655 [Thread-17] INFO  com.ray.dingtalk.isv.auth.thread.TokenRunnable - 定时获取accessToken和jsapiTicket------------------------
2017-11-14 15:27:58.656 [Thread-17] INFO  com.ray.dingtalk.isv.auth.AuthHelper - accessTokenValue:{"access_token":"c2b9d51772a13745b662e10768d54bde","begin_time":1510644456574}
2017-11-14 15:27:59.613 [Thread-17] INFO  com.ray.dingtalk.isv.util.HttpHelper - POST请求结果：{"errcode":0,"access_token":"73d3bef0b5eb3242a16482c47cc9ed47","errmsg":"ok","expires_in":7200}
2017-11-14 15:27:59.614 [Thread-17] INFO  com.ray.dingtalk.isv.service.IsvService - {"errcode":0,"access_token":"73d3bef0b5eb3242a16482c47cc9ed47","errmsg":"ok","expires_in":7200}
2017-11-14 15:27:59.615 [Thread-17] INFO  com.ray.dingtalk.isv.auth.AuthHelper - accessToken:73d3bef0b5eb3242a16482c47cc9ed47
2017-11-14 15:27:59.615 [Thread-17] INFO  com.ray.dingtalk.isv.util.FileUtils - path:G:\WorkSpace\Me\WeiXin_GZ_dev\dingtalk_isv\src\main\webapp\Permanent_Data\accesstoken.txt abs path:G:\WorkSpace\Me\WeiXin_GZ_dev\dingtalk_isv\src\main\webapp\Permanent_Data\accesstoken.txt
